
Please specify file containing/to contain data(default='hw5_1_simulation'):Do you need to simulate data into the file(y/N)?Working on L=1...
P_Y_array
[ 0.04761905  0.04761905  0.04761905  0.04761905  0.04761905  0.04761905
       0.04761905  0.04761905  0.04761905  0.04761905  0.04761905  0.04761905
       0.04761905  0.04761905  0.04761905  0.04761905  0.04761905  0.04761905
       0.04761905  0.04761905  0.04761905]
P_Y_given_X_array
[[ 0.5  0.5  0.   0.   0.   0.   0.   0.   0.   0.   0.   0.   0.   0.   0. 
        0.   0.   0.   0.   0.   0. ]
 [ 0.5  0.   0.5  0.   0.   0.   0.   0.   0.   0.   0.   0.   0.   0.   0. 
        0.   0.   0.   0.   0.   0. ]
 [ 0.   0.5  0.   0.5  0.   0.   0.   0.   0.   0.   0.   0.   0.   0.   0. 
        0.   0.   0.   0.   0.   0. ]
 [ 0.   0.   0.5  0.   0.5  0.   0.   0.   0.   0.   0.   0.   0.   0.   0. 
        0.   0.   0.   0.   0.   0. ]
 [ 0.   0.   0.   0.5  0.   0.5  0.   0.   0.   0.   0.   0.   0.   0.   0. 
        0.   0.   0.   0.   0.   0. ]
 [ 0.   0.   0.   0.   0.5  0.   0.5  0.   0.   0.   0.   0.   0.   0.   0. 
        0.   0.   0.   0.   0.   0. ]
 [ 0.   0.   0.   0.   0.   0.5  0.   0.5  0.   0.   0.   0.   0.   0.   0. 
        0.   0.   0.   0.   0.   0. ]
 [ 0.   0.   0.   0.   0.   0.   0.5  0.   0.5  0.   0.   0.   0.   0.   0. 
        0.   0.   0.   0.   0.   0. ]
 [ 0.   0.   0.   0.   0.   0.   0.   0.5  0.   0.5  0.   0.   0.   0.   0. 
        0.   0.   0.   0.   0.   0. ]
 [ 0.   0.   0.   0.   0.   0.   0.   0.   0.5  0.   0.5  0.   0.   0.   0. 
        0.   0.   0.   0.   0.   0. ]
 [ 0.   0.   0.   0.   0.   0.   0.   0.   0.   0.5  0.   0.5  0.   0.   0. 
        0.   0.   0.   0.   0.   0. ]
 [ 0.   0.   0.   0.   0.   0.   0.   0.   0.   0.   0.5  0.   0.5  0.   0. 
        0.   0.   0.   0.   0.   0. ]
 [ 0.   0.   0.   0.   0.   0.   0.   0.   0.   0.   0.   0.5  0.   0.5  0. 
        0.   0.   0.   0.   0.   0. ]
 [ 0.   0.   0.   0.   0.   0.   0.   0.   0.   0.   0.   0.   0.5  0.   0.5
        0.   0.   0.   0.   0.   0. ]
 [ 0.   0.   0.   0.   0.   0.   0.   0.   0.   0.   0.   0.   0.   0.5  0. 
        0.5  0.   0.   0.   0.   0. ]
 [ 0.   0.   0.   0.   0.   0.   0.   0.   0.   0.   0.   0.   0.   0.   0.5
        0.   0.5  0.   0.   0.   0. ]
 [ 0.   0.   0.   0.   0.   0.   0.   0.   0.   0.   0.   0.   0.   0.   0. 
        0.5  0.   0.5  0.   0.   0. ]
 [ 0.   0.   0.   0.   0.   0.   0.   0.   0.   0.   0.   0.   0.   0.   0. 
        0.   0.5  0.   0.5  0.   0. ]
 [ 0.   0.   0.   0.   0.   0.   0.   0.   0.   0.   0.   0.   0.   0.   0. 
        0.   0.   0.5  0.   0.5  0. ]
 [ 0.   0.   0.   0.   0.   0.   0.   0.   0.   0.   0.   0.   0.   0.   0. 
        0.   0.   0.   0.5  0.   0.5]
 [ 0.   0.   0.   0.   0.   0.   0.   0.   0.   0.   0.   0.   0.   0.   0. 
        0.   0.   0.   0.   0.5  0.5]]
P_X_given_Y_array
[[ 0.5  0.5  0.   0.   0.   0.   0.   0.   0.   0.   0.   0.   0.   0.   0. 
        0.   0.   0.   0.   0.   0. ]
 [ 0.5  0.   0.5  0.   0.   0.   0.   0.   0.   0.   0.   0.   0.   0.   0. 
        0.   0.   0.   0.   0.   0. ]
 [ 0.   0.5  0.   0.5  0.   0.   0.   0.   0.   0.   0.   0.   0.   0.   0. 
        0.   0.   0.   0.   0.   0. ]
 [ 0.   0.   0.5  0.   0.5  0.   0.   0.   0.   0.   0.   0.   0.   0.   0. 
        0.   0.   0.   0.   0.   0. ]
 [ 0.   0.   0.   0.5  0.   0.5  0.   0.   0.   0.   0.   0.   0.   0.   0. 
        0.   0.   0.   0.   0.   0. ]
 [ 0.   0.   0.   0.   0.5  0.   0.5  0.   0.   0.   0.   0.   0.   0.   0. 
        0.   0.   0.   0.   0.   0. ]
 [ 0.   0.   0.   0.   0.   0.5  0.   0.5  0.   0.   0.   0.   0.   0.   0. 
        0.   0.   0.   0.   0.   0. ]
 [ 0.   0.   0.   0.   0.   0.   0.5  0.   0.5  0.   0.   0.   0.   0.   0. 
        0.   0.   0.   0.   0.   0. ]
 [ 0.   0.   0.   0.   0.   0.   0.   0.5  0.   0.5  0.   0.   0.   0.   0. 
        0.   0.   0.   0.   0.   0. ]
 [ 0.   0.   0.   0.   0.   0.   0.   0.   0.5  0.   0.5  0.   0.   0.   0. 
        0.   0.   0.   0.   0.   0. ]
 [ 0.   0.   0.   0.   0.   0.   0.   0.   0.   0.5  0.   0.5  0.   0.   0. 
        0.   0.   0.   0.   0.   0. ]
 [ 0.   0.   0.   0.   0.   0.   0.   0.   0.   0.   0.5  0.   0.5  0.   0. 
        0.   0.   0.   0.   0.   0. ]
 [ 0.   0.   0.   0.   0.   0.   0.   0.   0.   0.   0.   0.5  0.   0.5  0. 
        0.   0.   0.   0.   0.   0. ]
 [ 0.   0.   0.   0.   0.   0.   0.   0.   0.   0.   0.   0.   0.5  0.   0.5
        0.   0.   0.   0.   0.   0. ]
 [ 0.   0.   0.   0.   0.   0.   0.   0.   0.   0.   0.   0.   0.   0.5  0. 
        0.5  0.   0.   0.   0.   0. ]
 [ 0.   0.   0.   0.   0.   0.   0.   0.   0.   0.   0.   0.   0.   0.   0.5
        0.   0.5  0.   0.   0.   0. ]
 [ 0.   0.   0.   0.   0.   0.   0.   0.   0.   0.   0.   0.   0.   0.   0. 
        0.5  0.   0.5  0.   0.   0. ]
 [ 0.   0.   0.   0.   0.   0.   0.   0.   0.   0.   0.   0.   0.   0.   0. 
        0.   0.5  0.   0.5  0.   0. ]
 [ 0.   0.   0.   0.   0.   0.   0.   0.   0.   0.   0.   0.   0.   0.   0. 
        0.   0.   0.5  0.   0.5  0. ]
 [ 0.   0.   0.   0.   0.   0.   0.   0.   0.   0.   0.   0.   0.   0.   0. 
        0.   0.   0.   0.5  0.   0.5]
 [ 0.   0.   0.   0.   0.   0.   0.   0.   0.   0.   0.   0.   0.   0.   0. 
        0.   0.   0.   0.   0.5  0.5]]
P_Y_array_non_denovo
[ 0.04761905  0.04761905  0.04761905  0.04761905  0.04761905  0.04761905
       0.04761905  0.04761905  0.04761905  0.04761905  0.04761905  0.04761905
       0.04761905  0.04761905  0.04761905  0.04761905  0.04761905  0.04761905
       0.04761905  0.04761905  0.04761905]
Xn_hat_list
[10.999999999999998, 10.333333333333332, 10.799999999999999, 13.000000000000002, 14.0, 13.000000000000002, 12.0, 13.000000000000002, 13.000000000000002, 13.666666666666668, 16.0, 17.0, 18.0, 18.0, 18.666666666666668, 19.249999999999996, 19.142857142857142, 19.363636363636367, 19.222222222222225, 19.379310344827584, 19.724999999999998, 19.579710144927535, 18.0, 19.0, 18.0, 19.0, 19.0, 17.0, 18.0, 18.0, 18.666666666666664, 19.25, 19.142857142857142, 18.399999999999999, 20.0, 19.5, 19.333333333333332, 17.0, 17.0, 16.333333333333332, 15.500000000000002, 15.857142857142856, 16.600000000000001, 17.46153846153846, 20.0, 19.5, 19.0, 20.0, 19.5, 19.666666666666668, 19.5, 18.600000000000001, 20.0, 20.0, 20.0, 19.5, 18.0, 19.0, 20.0, 20.0, 19.5, 19.333333333333336, 19.400000000000002, 19.25, 20.0, 19.5, 19.666666666666664, 19.5, 19.428571428571431, 19.0, 18.0, 17.0, 18.0, 18.0, 18.666666666666668, 18.199999999999999, 17.428571428571431, 16.555555555555557, 18.0, 18.0, 16.0, 17.0, 16.0, 17.0, 16.0, 15.0, 13.999999999999998, 15.0, 16.0, 15.0, 15.0, 17.0, 17.0, 19.0, 19.0, 18.333333333333332, 17.5, 16.600000000000001, 16.888888888888889, 15.0, 16.0, 16.0, 16.666666666666668, 19.0, 19.0, 17.0, 17.0, 17.666666666666668, 20.000000000000004, 19.5, 18.0, 18.0, 18.666666666666668, 17.0, 17.0, 15.0, 15.0, 14.333333333333332, 16.0, 17.0, 17.0, 16.333333333333332, 15.5, 15.857142857142858, 16.600000000000001, 17.461538461538463, 18.375000000000004, 19.157894736842103, 19.085714285714285, 19.351851851851848, 19.213483146067418, 18.435483870967744, 17.559748427672957, 17.876325088339225, 16.0, 15.0, 13.999999999999998, 15.0, 15.0, 15.666666666666666, 16.5, 15.0, 15.0, 15.666666666666666, 15.200000000000003, 17.0, 16.0, 16.0, 13.999999999999998, 13.999999999999998, 14.666666666666666, 15.5, 16.399999999999999, 16.111111111111111, 13.999999999999998, 13.999999999999998, 12.0, 13.0, 12.999999999999998, 12.333333333333334, 11.500000000000002, 11.857142857142858, 12.600000000000001, 13.461538461538463, 14.375000000000002, 15.315789473684211, 15.085714285714287, 14.372549019607842, 16.0, 16.0, 16.666666666666664, 17.5, 18.400000000000002, 19.166666666666668, 19.090909090909093, 18.375, 17.523809523809526, 17.864864864864863, 17.27586206896552, 14.999999999999998, 16.0, 17.0, 16.0, 14.999999999999998, 14.999999999999998, 15.666666666666666, 15.199999999999999, 15.75, 15.23076923076923, 13.0, 13.0, 12.333333333333334, 12.799999999999999, 10.999999999999998, 12.0, 10.999999999999998, 10.0, 10.0, 8.0, 8.0]
Done.

mse= 0.452877999734
Working on L=3...
P_Y_array
[ 0.0952381 , 0.02380952, 0.02380952, 0.04761905, 0.04761905, 0.04761905,
       0.04761905, 0.04761905, 0.04761905, 0.04761905, 0.04761905, 0.04761905,
       0.04761905, 0.04761905, 0.04761905, 0.04761905, 0.04761905, 0.04761905,
       0.02380952, 0.02380952, 0.0952381 ,]
P_Y_given_X_array
array (21,21) , type = d, has 441 elements
P_X_given_Y_array
array (21,21) , type = d, has 441 elements
P_Y_array_non_denovo
[ 0.0952381 , 0.02380952, 0.02380952, 0.04761905, 0.04761905, 0.04761905,
       0.04761905, 0.04761905, 0.04761905, 0.04761905, 0.04761905, 0.04761905,
       0.04761905, 0.04761905, 0.04761905, 0.04761905, 0.04761905, 0.04761905,
       0.02380952, 0.02380952, 0.0952381 ,]
Xn_hat_list
[7.0, 6.0, 7.0, 6.0, 8.0, 7.0, 6.0, 5.0, 6.0, 7.0, 6.0, 5.0, 4.0, 5.0, 4.0, 5.0, 6.0, 7.0, 8.0, 9.0, 8.0, 7.0, 8.0, 7.0, 6.0, 7.0, 8.0, 9.0, 10.0, 10.999999999999998, 10.0, 9.0, 8.0, 7.0, 8.0, 9.0, 8.0, 7.0, 6.0, 7.0, 6.0, 7.0, 6.0, 7.0, 8.0, 9.0, 8.0, 9.0, 10.0, 10.999999999999998, 12.0, 10.999999999999998, 12.0, 10.999999999999998, 10.0, 9.0, 8.0, 7.0, 8.0, 9.0, 8.0, 7.0, 6.0, 5.0, 6.0, 5.0, 6.0, 5.0, 6.0, 7.0, 6.0, 7.0, 6.0, 7.0, 8.0, 7.0, 8.0, 9.0, 10.0, 10.999999999999998, 10.0, 10.999999999999998, 10.0, 10.999999999999998, 12.0, 13.000000000000002, 14.0, 13.000000000000002, 12.0, 10.999999999999998, 10.0, 9.0, 8.0, 7.0, 6.0, 7.0, 8.0, 7.0, 6.0, 5.0, 6.0, 5.0, 6.0, 7.0, 6.0, 5.0, 6.0, 7.0, 8.0, 7.0, 6.0, 5.0, 6.0, 7.0, 6.0, 5.0, 6.0, 7.0, 8.0, 9.0, 8.0, 7.0, 8.0, 9.0, 8.0, 7.0, 8.0, 7.0, 6.0, 7.0, 8.0, 7.0, 6.0, 5.0, 6.0, 7.0, 8.0, 7.0, 6.0, 5.0, 6.0, 7.0, 8.0, 7.0, 6.0, 5.0, 4.0, 5.0, 4.0, 3.0, 4.0, 5.0, 6.0, 5.0, 4.0, 3.0, 4.0, 3.0, 2.0, 2.0, 2.0, 2.0, 2.0, 2.0, 1.3333333333333333, 1.5, 4.0, 3.0, 2.0, 1.0, 0.0, 0.5, 0.75, 0.0, 1.0, 2.0, 2.0, 1.3333333333333333, 1.5, 1.0999999999999999, 1.2999999999999998, 0.0, 0.0, 0.5, 1.0, 1.0, 1.0, 2.0, 1.0, 1.0, 1.25, 1.0, 0.0, 0.0, 0.5, 0.75, 0.99999999999999989, 0.0, 0.5, 0.75]
Done.

mse= 0.255194444444
Working on L=5...
P_Y_array
[ 0.14285714, 0.02380952, 0.02380952, 0.02380952, 0.02380952, 0.04761905,
       0.04761905, 0.04761905, 0.04761905, 0.04761905, 0.04761905, 0.04761905,
       0.04761905, 0.04761905, 0.04761905, 0.04761905, 0.02380952, 0.02380952,
       0.02380952, 0.02380952, 0.14285714,]
P_Y_given_X_array
array (21,21) , type = d, has 441 elements
P_X_given_Y_array
array (21,21) , type = d, has 441 elements
P_Y_array_non_denovo
[ 0.14285714, 0.02380952, 0.02380952, 0.02380952, 0.02380952, 0.04761905,
       0.04761905, 0.04761905, 0.04761905, 0.04761905, 0.04761905, 0.04761905,
       0.04761905, 0.04761905, 0.04761905, 0.04761905, 0.02380952, 0.02380952,
       0.02380952, 0.02380952, 0.14285714,]
Xn_hat_list
[5.0, 6.0, 7.0, 6.0, 5.0, 10.999999999999998, 10.0, 9.0, 8.0, 9.0, 10.0, 10.999999999999998, 12.0, 10.999999999999998, 10.0, 10.999999999999998, 12.0, 13.000000000000002, 12.0, 13.000000000000002, 14.0, 13.000000000000002, 14.0, 14.999999999999998, 14.0, 13.000000000000002, 12.0, 10.999999999999998, 10.0, 9.0, 10.0, 9.0, 10.0, 10.999999999999998, 12.0, 13.000000000000002, 12.0, 10.999999999999998, 10.0, 9.0, 10.0, 9.0, 8.0, 9.0, 8.0, 7.0, 8.0, 9.0, 8.0, 7.0, 6.0, 5.0, 6.0, 7.0, 8.0, 9.0, 8.0, 9.0, 8.0, 9.0, 10.0, 9.0, 8.0, 7.0, 6.0, 7.0, 8.0, 7.0, 8.0, 9.0, 8.0, 9.0, 8.0, 9.0, 8.0, 7.0, 6.0, 5.0, 6.0, 5.0, 6.0, 7.0, 8.0, 9.0, 10.0, 9.0, 10.0, 9.0, 8.0, 9.0, 10.0, 10.999999999999998, 12.0, 10.999999999999998, 12.0, 10.999999999999998, 12.0, 13.000000000000002, 12.0, 13.000000000000002, 14.0, 13.000000000000002, 14.0, 14.999999999999998, 14.0, 14.999999999999998, 16.0, 17.0, 17.0, 17.0, 16.0, 17.0, 16.0, 16.0, 16.0, 17.0, 18.0, 17.0, 17.0, 17.0, 18.0, 18.0, 20.0, 19.500000000000004, 18.0, 18.0, 18.0, 17.875, 18.066666666666666, 20.0, 20.0, 20.0, 19.5, 18.0, 18.0, 18.0, 17.875, 20.0, 20.0, 19.5, 20.0, 19.5, 19.0, 18.0, 18.0, 18.0, 17.875, 18.066666666666663, 17.0, 18.0, 17.0, 18.0, 18.0, 18.0, 17.0, 18.0, 17.0, 16.0, 16.0, 14.0, 13.0, 14.0, 13.0, 14.0, 13.0, 14.0, 13.0, 12.0, 11.0, 12.0, 11.0, 12.0, 13.0, 12.0, 11.0, 12.0, 11.0, 10.0, 9.0, 10.0, 11.0, 12.0, 13.0, 12.0, 11.0, 12.0, 13.0, 12.0, 11.0, 12.0, 11.0, 12.0, 11.0, 10.0, 9.0, 10.0, 11.0, 10.0, 9.0, 10.0]
Done.

mse= 0.750195486111
Working on L=10...
P_Y_array
[ 0.26190476, 0.02380952, 0.02380952, 0.02380952, 0.02380952, 0.02380952,
       0.02380952, 0.02380952, 0.02380952, 0.02380952, 0.04761905, 0.02380952,
       0.02380952, 0.02380952, 0.02380952, 0.02380952, 0.02380952, 0.02380952,
       0.02380952, 0.02380952, 0.26190476,]
P_Y_given_X_array
array (21,21) , type = d, has 441 elements
P_X_given_Y_array
array (21,21) , type = d, has 441 elements
P_Y_array_non_denovo
[ 0.26190476, 0.02380952, 0.02380952, 0.02380952, 0.02380952, 0.02380952,
       0.02380952, 0.02380952, 0.02380952, 0.02380952, 0.04761905, 0.02380952,
       0.02380952, 0.02380952, 0.02380952, 0.02380952, 0.02380952, 0.02380952,
       0.02380952, 0.02380952, 0.26190476,]
Xn_hat_list
[5.0000000000000009, 10.499999999999998, 11.0, 9.0, 9.0, 9.0, 9.0, 7.0, 8.0, 8.0, 8.0, 7.5714285714285721, 6.0, 5.0, 6.0, 5.0, 6.0, 6.0, 6.0, 5.0, 4.0, 3.0, 3.0, 3.0, 3.0, 3.0, 2.0, 2.0, 2.0, 3.0, 3.0, 3.0, 3.0000000000000004, 3.0, 2.0, 3.0, 4.0, 4.0, 4.0, 5.0, 5.0, 5.0, 5.0, 5.0, 5.0, 5.0, 4.0, 5.0, 5.0, 5.0, 6.0, 5.0, 5.0, 5.0, 5.0, 5.0, 5.0, 5.0, 4.0, 3.0000000000000004, 3.0000000000000004, 3.0000000000000004, 2.0, 2.0, 0.0, 0.5, 1.0, 1.0, 1.25, 1.375, 1.0, 1.0, 1.2499999999999998, 1.375, 3.0, 3.0, 3.0, 2.0, 2.0, 2.0, 2.125, 2.1875, 3.0000000000000004, 3.0000000000000004, 5.0, 4.0, 4.0, 6.0000000000000009, 6.0000000000000009, 6.0000000000000009, 7.0, 6.0, 6.0, 6.0, 7.0000000000000009, 8.0, 9.0, 9.9999999999999982, 11.0, 9.9999999999999982, 11.0, 9.9999999999999982, 11.0, 11.0, 11.666666666666666, 11.66666666666667, 12.199999999999999, 12.199999999999998, 9.0, 10.0, 9.0, 8.0, 7.0, 7.0, 9.0, 10.0, 9.0, 10.0, 9.0, 10.0, 9.0, 9.0, 8.3333333333333339, 8.3333333333333339, 9.0, 10.0, 9.0, 8.0, 7.0000000000000009, 6.0, 5.0, 5.0, 5.0, 4.0, 4.0, 4.0, 4.0, 6.0, 6.0, 6.0, 5.0, 6.0, 7.0, 7.0, 7.0, 7.0, 7.0, 6.0, 7.0, 7.0, 7.0, 8.0, 7.0, 7.0, 7.0, 8.0, 8.0, 10.0, 11.0, 10.0, 9.0, 8.0, 8.0, 10.0, 11.0, 11.000000000000002, 11.666666666666666, 12.0, 10.999999999999998, 12.0, 10.999999999999998, 11.000000000000002, 13.0, 12.0, 12.0, 14.0, 15.0, 14.999999999999998, 17.0, 17.0, 17.0, 17.0, 17.0, 17.0, 19.0, 19.0, 17.0, 18.0, 18.0, 18.0, 17.875, 20.0, 19.5, 19.0, 18.0, 18.0, 16.0, 16.0, 15.999999999999998, 13.0]
Done.

mse= 0.684007045422
Working on L=15...
P_Y_array
[ 0.38095238, 0.02380952, 0.02380952, 0.02380952, 0.02380952, 0.02380952,
       0.        , 0.        , 0.        , 0.        , 0.        , 0.        ,
       0.        , 0.        , 0.        , 0.02380952, 0.02380952, 0.02380952,
       0.02380952, 0.02380952, 0.38095238,]
P_Y_given_X_array
array (21,21) , type = d, has 441 elements
P_X_given_Y_array
array (21,21) , type = d, has 441 elements
P_Y_array_non_denovo
[ 0.38095238, 0.02380952, 0.02380952, 0.02380952, 0.02380952, 0.02380952,
       0.        , 0.        , 0.        , 0.        , 0.        , 0.        ,
       0.        , 0.        , 0.        , 0.02380952, 0.02380952, 0.02380952,
       0.02380952, 0.02380952, 0.38095238,]
Xn_hat_list
[7.5, 10.045454545454543, 10.333333333333334, 9.8589743589743577, 9.6973684210526319, 10.041666666666668, 10.214285714285715, 10.338797814207648, 9.9701348747591503, 10.155676747645018, 10.305738953783646, 10.412395093608778, 10.531943576759938, 10.63569102296451, 10.746193884742421, 10.84677044008895, 16.0, 15.0, 14.0, 14.0, 13.333333333333334, 13.333333333333334, 13.333333333333334, 13.0, 13.0, 17.0, 17.0, 19.0, 18.0, 18.000000000000004, 20.0, 20.0, 19.0, 18.0, 18.000000000000004, 16.0, 14.999999999999998, 16.0, 17.0, 18.0, 18.000000000000004, 18.0, 17.875, 17.8125, 17.687499999999996, 20.0, 19.5, 20.0, 19.0, 20.0, 19.5, 19.25, 20.0, 19.5, 19.25, 20.0, 19.0, 19.0, 19.0, 19.0, 17.0, 17.0, 17.0, 18.0, 17.0, 18.0, 18.0, 18.0, 17.875, 17.8125, 17.6875, 13.714285714285714, 13.714285714285714, 13.714285714285714, 13.32, 12.691358024691358, 12.691358024691358, 12.691358024691358, 12.407894736842104, 12.414814814814815, 12.11315789473684, 11.612871287128712, 11.62782048103149, 11.684026476832772, 11.464349578957636, 11.539358313355883, 11.297354996356153, 10.877392059622874, 10.933201498310522, 10.614668684371988, 10.61466868437199, 10.32605769123164, 10.326057691231641, 10.700208419900143, 10.545348261264493, 10.227678164276693, 10.227678164276693, 16.0, 16.0, 13.999999999999998, 13.999999999999998, 13.333333333333332, 13.333333333333332, 13.333333333333334, 13.333333333333332, 12.43243243243243, 12.432432432432432, 12.0, 12.0, 11.618257261410788, 11.627206645898232, 11.671018276762402, 11.465835140997831, 11.065073041168661, 11.103936540885167, 11.212207880179131, 11.212207880179129, 11.327400808633065, 11.327400808633065, 16.0, 16.0, 16.0, 17.0, 17.000000000000004, 17.000000000000004, 17.0, 14.600000000000001, 16.0, 16.0, 18.0, 18.0, 18.0, 17.874999999999996, 17.8125, 19.0, 19.0, 18.75, 18.624999999999996, 20.0, 19.5, 18.0, 19.0, 19.0, 17.0, 16.0, 17.0, 16.0, 16.0, 16.0, 16.0, 16.0, 15.0, 15.0, 14.333333333333334, 14.333333333333332, 13.800000000000002, 13.066666666666666, 13.066666666666665, 13.066666666666665, 12.747747747747749, 12.200000000000001, 12.200000000000001, 12.210803689064559, 11.961884961884962, 11.992347826086958, 11.721539871677361, 11.775706110393205, 11.506987577639752, 11.584272967938032, 11.584272967938032, 11.680953267547945, 11.680953267547942, 10.767030002793009, 10.833944779846824, 10.51280072639404, 10.51280072639404, 10.795773086731783, 10.795773086731785, 10.96211073826098, 10.637923958394724, 10.805632135481275, 10.598200384579664, 10.769800391652611, 10.769800391652611, 10.211259000176867, 10.211259000176865, 10.535659967881312, 10.53565996788131, 10.071901363724129, 10.183373890121674, 10.421608300421106, 10.277847655364829, 9.9841366972040362, 9.9841366972040397, 10.348432347011475, 10.348432347011475, 10.557797077334119, 10.557797077334115, 10.760413549442321, 10.759057045752952]
Done.

mse= 4.27469446054
Working on L=18...
P_Y_array
[ 0.45238095, 0.02380952, 0.02380952, 0.        , 0.        , 0.        ,
       0.        , 0.        , 0.        , 0.        , 0.        , 0.        ,
       0.        , 0.        , 0.        , 0.        , 0.        , 0.        ,
       0.02380952, 0.02380952, 0.45238095,]
P_Y_given_X_array
array (21,21) , type = d, has 441 elements
P_X_given_Y_array
array (21,21) , type = d, has 441 elements
P_Y_array_non_denovo
[ 0.45238095, 0.02380952, 0.02380952, 0.        , 0.        , 0.        ,
       0.        , 0.        , 0.        , 0.        , 0.        , 0.        ,
       0.        , 0.        , 0.        , 0.        , 0.        , 0.        ,
       0.02380952, 0.02380952, 0.45238095,]
Xn_hat_list
[8.9999999999999982, 10.029411764705879, 9.7424242424242387, 10.031250000000002, 9.804000000000002, 9.6163265306122483, 9.9830148619957555, 10.108719052744885, 9.8756205184776604, 10.03957339320797, 9.8772305496074235, 9.7410895392639798, 10.0, 9.8553733855259935, 10.0122128302032, 9.8690615381235673, 10.018826505934445, 9.8779756284854674, 10.023420751071216, 10.137374150313834, 10.214683810941249, 10.297088331387775, 10.369207130188268, 10.040284392909774, 10.15925532842582, 10.254820185075753, 10.325290270441425, 10.064127724562242, 9.9377697488201964, 10.114960002920858, 10.205016138321163, 10.280176434970159, 10.352227455982508, 10.074076089582467, 10.187052590032277, 10.277533556453143, 10.054676365756489, 10.169025668752152, 10.030701517347083, 1.0, 2.0, 3.0, 3.0, 1.0, 0.0, 1.0, 1.0, 1.25, 2.5, 1.0, 1.0, 1.25, 1.3749999999999998, 3.1666666666666665, 3.1666666666666665, 3.1666666666666665, 3.1875, 1.0, 1.0, 1.25, 0.0, 1.0, 0.0, 1.0, 1.0, 1.25, 2.5, 2.5, 2.5, 0.0, 0.5, 0.0, 1.0, 1.0, 1.0, 1.0, 1.2500000000000002, 1.0, 1.0, 1.2500000000000002, 2.5000000000000004, 2.5000000000000004, 2.5000000000000004, 1.0, 1.0, 1.25, 2.5, 1.0, 1.0, 1.0, 1.0, 1.25, 1.0, 0.0, 1.0, 1.0, 1.0, 0.0, 1.0, 2.0, 2.0, 2.0, 3.4999999999999996, 3.5000000000000004, 4.0769230769230775, 4.0769230769230766, 4.0769230769230766, 4.0769230769230766, 1.0, 1.0, 1.25, 0.0, 0.0, 1.0, 2.0, 2.0, 0.0, 0.5, 0.75, 0.0, 0.5, 0.75, 0.99999999999999989, 1.0, 2.0, 2.0, 2.0, 3.4999999999999996, 3.5, 3.5, 3.5, 3.5468750000000004, 4.1651376146788985, 4.7704918032786887, 4.7704918032786896, 4.7704918032786887, 5.0280777537796979, 5.4975884244372999, 5.497588424437299, 5.8604625909436407, 5.8604625909436434, 5.8601058775621011, 5.8601058775621011, 5.8743169769825494, 5.8821806506791203, 5.9031767451729271, 6.3945498589228098, 6.3872769551706474, 6.3872769551706456, 6.3940945592166853, 6.4034560964374654, 6.4122359855891951, 6.4274186884711151, 7.3170500018999096, 7.3550434858200751, 7.645500198407488, 7.6157528688941554, 7.8788809136816491, 7.8893309563772194, 7.8024723916069805, 7.8024723916069822, 8.2202837039300221, 8.1897719391713881, 8.1162099611351461, 8.2525103590122875, 8.5201791864768381, 8.5236624503510789, 8.3971963572078021, 8.5209678204369119, 8.4406969708375854, 8.440676391930678, 8.3668487155411313, 8.3710540623272944, 8.2987240598533685, 8.6490085815801816, 8.9546462099716386, 8.9588965319140552, 9.1743216103486258, 9.1761220917065867, 8.945931585237533, 8.9428323049228169, 8.8384299078832633, 9.0512441664768097, 9.3084193933323043, 9.2475451142292133, 9.1119804037363874, 9.2230784457467099, 9.1061436947892478, 9.1055414156215715, 8.9978052156892314, 9.2251915347025424, 9.4826060846860702, 9.4183999786269226, 9.2739425078254065, 9.3819160365461283, 9.2575455320382751, 9.2569313171975249, 9.6116714486849837, 9.5440951736720958, 9.7257325301690507]
Done.

mse= 6.93893018236
Working on L=20...
P_Y_array
[ 0.5, 0. , 0. , 0. , 0. , 0. , 0. , 0. , 0. , 0. , 0. , 0. , 0. , 0. , 0. ,
       0. , 0. , 0. , 0. , 0. , 0.5,]
P_Y_given_X_array
array (21,21) , type = d, has 441 elements
P_X_given_Y_array
array (21,21) , type = d, has 441 elements
P_Y_array_non_denovo
[ 0.5, 0. , 0. , 0. , 0. , 0. , 0. , 0. , 0. , 0. , 0. , 0. , 0. , 0. , 0. ,
       0. , 0. , 0. , 0. , 0. , 0.5,]
Xn_hat_list
[9.9999999999999964, 9.9999999999999964, 9.9999999999999964, 9.9999999999999964, 9.9999999999999964, 9.9999999999999964, 9.9999999999999964, 9.9999999999999964, 9.9999999999999964, 9.9999999999999964, 9.9999999999999964, 9.9999999999999964, 9.9999999999999964, 9.9999999999999964, 9.9999999999999964, 9.9999999999999964, 9.9999999999999964, 9.9999999999999964, 9.9999999999999964, 9.9999999999999964, 9.9999999999999964, 9.9999999999999964, 9.9999999999999964, 9.9999999999999964, 9.9999999999999964, 9.9999999999999964, 9.9999999999999964, 9.9999999999999964, 9.9999999999999964, 9.9999999999999964, 9.9999999999999964, 9.9999999999999964, 9.9999999999999964, 9.9999999999999964, 9.9999999999999964, 9.9999999999999964, 9.9999999999999964, 9.9999999999999964, 9.9999999999999964, 9.9999999999999964, 9.9999999999999964, 9.9999999999999964, 9.9999999999999964, 9.9999999999999964, 9.9999999999999964, 9.9999999999999964, 9.9999999999999964, 9.9999999999999964, 9.9999999999999964, 9.9999999999999964, 9.9999999999999964, 9.9999999999999964, 9.9999999999999964, 9.9999999999999964, 9.9999999999999964, 9.9999999999999964, 9.9999999999999964, 9.9999999999999964, 9.9999999999999964, 9.9999999999999964, 9.9999999999999964, 9.9999999999999964, 9.9999999999999964, 9.9999999999999964, 9.9999999999999964, 9.9999999999999964, 9.9999999999999964, 9.9999999999999964, 9.9999999999999964, 9.9999999999999964, 9.9999999999999964, 9.9999999999999964, 9.9999999999999964, 9.9999999999999964, 9.9999999999999964, 9.9999999999999964, 9.9999999999999964, 9.9999999999999964, 9.9999999999999964, 9.9999999999999964, 9.9999999999999964, 9.9999999999999964, 9.9999999999999964, 9.9999999999999964, 9.9999999999999964, 9.9999999999999964, 9.9999999999999964, 9.9999999999999964, 9.9999999999999964, 9.9999999999999964, 9.9999999999999964, 9.9999999999999964, 9.9999999999999964, 9.9999999999999964, 9.9999999999999964, 9.9999999999999964, 9.9999999999999964, 9.9999999999999964, 9.9999999999999964, 9.9999999999999964, 9.9999999999999964, 9.9999999999999964, 9.9999999999999964, 9.9999999999999964, 9.9999999999999964, 9.9999999999999964, 9.9999999999999964, 9.9999999999999964, 9.9999999999999964, 9.9999999999999964, 9.9999999999999964, 9.9999999999999964, 9.9999999999999964, 9.9999999999999964, 9.9999999999999964, 9.9999999999999964, 9.9999999999999964, 9.9999999999999964, 9.9999999999999964, 9.9999999999999964, 9.9999999999999964, 9.9999999999999964, 9.9999999999999964, 9.9999999999999964, 9.9999999999999964, 9.9999999999999964, 9.9999999999999964, 9.9999999999999964, 9.9999999999999964, 9.9999999999999964, 9.9999999999999964, 9.9999999999999964, 9.9999999999999964, 9.9999999999999964, 9.9999999999999964, 9.9999999999999964, 9.9999999999999964, 9.9999999999999964, 9.9999999999999964, 9.9999999999999964, 9.9999999999999964, 9.9999999999999964, 9.9999999999999964, 9.9999999999999964, 9.9999999999999964, 9.9999999999999964, 9.9999999999999964, 9.9999999999999964, 9.9999999999999964, 9.9999999999999964, 9.9999999999999964, 9.9999999999999964, 9.9999999999999964, 9.9999999999999964, 9.9999999999999964, 9.9999999999999964, 9.9999999999999964, 9.9999999999999964, 9.9999999999999964, 9.9999999999999964, 9.9999999999999964, 9.9999999999999964, 9.9999999999999964, 9.9999999999999964, 9.9999999999999964, 9.9999999999999964, 9.9999999999999964, 9.9999999999999964, 9.9999999999999964, 9.9999999999999964, 9.9999999999999964, 9.9999999999999964, 9.9999999999999964, 9.9999999999999964, 9.9999999999999964, 9.9999999999999964, 9.9999999999999964, 9.9999999999999964, 9.9999999999999964, 9.9999999999999964, 9.9999999999999964, 9.9999999999999964, 9.9999999999999964, 9.9999999999999964, 9.9999999999999964, 9.9999999999999964, 9.9999999999999964, 9.9999999999999964, 9.9999999999999964, 9.9999999999999964, 9.9999999999999964, 9.9999999999999964, 9.9999999999999964, 9.9999999999999964, 9.9999999999999964, 9.9999999999999964, 9.9999999999999964, 9.9999999999999964, 9.9999999999999964, 9.9999999999999964]
Done.

mse= 19.035
