
P_Y_given_X_array
[[ 0.3  0.7]
 [ 0.5  0.5]
 [ 0.7  0.3]]
P_Y_array
[ 0.5  0.5]
P_X_given_Y_array
[[ 0.2         0.33333333  0.46666667]
 [ 0.46666667  0.33333333  0.2       ]]
P_X_given_X_array
[[ 0.33333333  0.33333333  0.33333333]
 [ 0.33333333  0.33333333  0.33333333]
 [ 0.33333333  0.33333333  0.33333333]]
fi_array
[[ 0.1         0.16666667  0.23333333]
 [ 0.05        0.08333333  0.11666667]
 [ 0.05833333  0.04166667  0.025     ]
 [ 0.0125      0.02083333  0.02916667]
 [ 0.00625     0.01041667  0.01458333]
 [ 0.00729167  0.00520833  0.003125  ]]
Working on no_of_X_states=3, T=8, n=5...
mu_array
[[ 1.     1.     1.   ]
 [ 0.5    0.5    0.5  ]
 [ 0.25   0.25   0.25 ]
 [ 0.125  0.125  0.125]]
Working on no_of_X_states=3, T=10, n=5...
mu_array
[[ 1.       1.       1.     ]
 [ 0.5      0.5      0.5    ]
 [ 0.25     0.25     0.25   ]
 [ 0.125    0.125    0.125  ]
 [ 0.0625   0.0625   0.0625 ]
 [ 0.03125  0.03125  0.03125]]
pi_array
[[ 0.46666667  0.33333333  0.2       ]
 [ 0.46666667  0.33333333  0.2       ]]
P_Y_given_X_array
[[ 0.3  0.7]
 [ 0.5  0.5]
 [ 0.7  0.3]]
P_Y_array
[ 0.5  0.5]
P_X_given_Y_array
[[ 0.2         0.33333333  0.46666667]
 [ 0.46666667  0.33333333  0.2       ]]
P_X_given_X_array
[[ 0.33333333  0.33333333  0.33333333]
 [ 0.33333333  0.33333333  0.33333333]
 [ 0.33333333  0.33333333  0.33333333]]
fi_array
[[ 0.1         0.16666667  0.23333333]
 [ 0.05        0.08333333  0.11666667]
 [ 0.05833333  0.04166667  0.025     ]
 [ 0.0125      0.02083333  0.02916667]
 [ 0.00625     0.01041667  0.01458333]
 [ 0.00729167  0.00520833  0.003125  ]
 [ 0.0015625   0.00260417  0.00364583]]
Working on no_of_X_states=3, T=10, n=6...
P_X_transition_array
[[ 0.33333333  0.33333333  0.33333333]
 [ 0.33333333  0.33333333  0.33333333]
 [ 0.33333333  0.33333333  0.33333333]]
P_X_transition_array
[[ 0.33333333  0.33333333  0.33333333]
 [ 0.33333333  0.33333333  0.33333333]
 [ 0.33333333  0.33333333  0.33333333]]
P_X_transition_array
[[ 0.33333333  0.33333333  0.33333333]
 [ 0.33333333  0.33333333  0.33333333]
 [ 0.33333333  0.33333333  0.33333333]]
P_X_transition_array
[[ 0.33333333  0.33333333  0.33333333]
 [ 0.33333333  0.33333333  0.33333333]
 [ 0.33333333  0.33333333  0.33333333]]
fi_T_n_array
[ 0.00260417  0.          0.        ]
fi_T_n_array
[ 0.00260417  0.00260417  0.        ]
fi_T_n_array
[ 0.00260417  0.00260417  0.00260417]
Working on no_of_X_states=3, T=10, n=5...
P_X_transition_array
[[ 0.33333333  0.33333333  0.33333333]
 [ 0.33333333  0.33333333  0.33333333]
 [ 0.33333333  0.33333333  0.33333333]]
P_X_transition_array
[[ 0.33333333  0.33333333  0.33333333]
 [ 0.33333333  0.33333333  0.33333333]
 [ 0.33333333  0.33333333  0.33333333]]
P_X_transition_array
[[ 0.33333333  0.33333333  0.33333333]
 [ 0.33333333  0.33333333  0.33333333]
 [ 0.33333333  0.33333333  0.33333333]]
P_X_transition_array
[[ 0.33333333  0.33333333  0.33333333]
 [ 0.33333333  0.33333333  0.33333333]
 [ 0.33333333  0.33333333  0.33333333]]
P_X_transition_array
[[ 0.33333333  0.33333333  0.33333333]
 [ 0.33333333  0.33333333  0.33333333]
 [ 0.33333333  0.33333333  0.33333333]]
fi_T_n_array
[ 0.00520833  0.          0.        ]
fi_T_n_array
[ 0.00520833  0.00520833  0.        ]
fi_T_n_array
[ 0.00520833  0.00520833  0.00520833]
pi_array
[[ 0.33333333  0.33333333  0.33333333]
 [ 0.33333333  0.33333333  0.33333333]]
