
P_Y_given_X_array
[[ 0.75  0.25]
 [ 0.5   0.5 ]
 [ 0.25  0.75]]
P_Y_array
[ 0.5  0.5]
P_X_given_X_array
[[ 0.33333333  0.33333333  0.33333333]
 [ 0.33333333  0.33333333  0.33333333]
 [ 0.33333333  0.33333333  0.33333333]]
score_matrix after 1st column initilization
[[ 0.25        0.          0.          0.          0.          0.        
        0.          0.          0.          0.        ]
 [ 0.16666667  0.          0.          0.          0.          0.        
        0.          0.          0.          0.        ]
 [ 0.08333333  0.          0.          0.          0.          0.        
        0.          0.          0.          0.        ]]
score_matrix
[[  2.50000000e-01   6.25000000e-02   1.56250000e-02   3.90625000e-03
         3.25520833e-04   2.44140625e-04   2.03450521e-05   5.08626302e-06
         1.27156576e-06   3.17891439e-07]
 [  1.66666667e-01   4.16666667e-02   1.04166667e-02   2.60416667e-03
         6.51041667e-04   1.62760417e-04   4.06901042e-05   1.01725260e-05
         2.54313151e-06   6.35782878e-07]
 [  8.33333333e-02   2.08333333e-02   5.20833333e-03   1.30208333e-03
         9.76562500e-04   8.13802083e-05   6.10351562e-05   1.52587891e-05
         3.81469727e-06   9.53674316e-07]]
trace_matrix
[0, [0], [0], [0], [0], [2], [0], [2], [2], [2]]
[0, [0], [0], [0], [0], [2], [0], [2], [2], [2]]
[0, [0], [0], [0], [0], [2], [0], [2], [2], [2]]
max_X_state_list
[0, 0, 0, 0, 2, 0, 2, 2, 2, 2]
min_X_state_list
[0, 0, 0, 0, 2, 0, 2, 2, 2, 2]
